*** Using Compiler 'V5.06 update 7 (build 960)', folder: 'C:\Keil_v5\ARM\ARMCC\Bin'
Rebuild target 'DC_Motor_Driver'
assembling startup_stm32f103xb.s...
compiling tim.c...
compiling stm32f1xx_hal_timebase_tim.c...
compiling stm32f1xx_it.c...
compiling stm32f1xx_hal_gpio_ex.c...
compiling stm32f1xx_hal_msp.c...
compiling main.c...
compiling spi.c...
compiling gpio.c...
compiling can.c...
compiling freertos.c...
..\..\User\include.h(10): warning:  #1-D: last line of file ends without a newline
  #endif
../../Core/Src/freertos.c: 1 warning, 0 errors
compiling stm32f1xx_hal_can.c...
compiling stm32f1xx_hal_gpio.c...
compiling stm32f1xx_hal_rcc.c...
compiling stm32f1xx_hal_cortex.c...
compiling stm32f1xx_hal_flash.c...
compiling stm32f1xx_hal_rcc_ex.c...
compiling stm32f1xx_hal_pwr.c...
compiling stm32f1xx_hal_flash_ex.c...
compiling stm32f1xx_hal.c...
compiling stm32f1xx_hal_dma.c...
compiling stm32f1xx_hal_exti.c...
compiling croutine.c...
compiling list.c...
compiling event_groups.c...
compiling timers.c...
compiling stream_buffer.c...
compiling queue.c...
compiling heap_4.c...
compiling tasks.c...
compiling port.c...
compiling cmsis_os.c...
compiling stm32f1xx_hal_spi.c...
compiling system_stm32f1xx.c...
compiling stm32f1xx_hal_tim_ex.c...
compiling id_key.c...
..\..\User\include.h(10): warning:  #1-D: last line of file ends without a newline
  #endif
..\..\User\id_key.c: 1 warning, 0 errors
compiling stm32f1xx_hal_tim.c...
linking...
Program Size: Code=13028 RO-data=360 RW-data=140 ZI-data=6740  
FromELF: creating hex file...
"DC_Motor_Driver\DC_Motor_Driver.axf" - 0 Error(s), 2 Warning(s).
Build Time Elapsed:  00:00:05
